[0.011s] Invoking command in '/home/user/ros2_ws/src/robot_description/build/robot_description': CMAKE_PREFIX_PATH=${CMAKE_PREFIX_PATH}:/opt/ros/jazzy DEBUGINFOD_URLS=https://debuginfod.ubuntu.com /usr/bin/cmake /home/user/ros2_ws/src/robot_description -DAMENT_CMAKE_SYMLINK_INSTALL=1 -DCMAKE_INSTALL_PREFIX=/home/user/ros2_ws/src/robot_description/install/robot_description
[0.076s] -- The C compiler identification is GNU 13.3.0
[0.128s] -- The CXX compiler identification is GNU 13.3.0
[0.148s] -- Detecting C compiler ABI info
[0.269s] -- Detecting C compiler ABI info - done
[0.276s] -- Check for working C compiler: /usr/bin/cc - skipped
[0.276s] -- Detecting C compile features
[0.277s] -- Detecting C compile features - done
[0.289s] -- Detecting CXX compiler ABI info
[0.418s] -- Detecting CXX compiler ABI info - done
[0.433s] -- Check for working CXX compiler: /usr/bin/c++ - skipped
[0.433s] -- Detecting CXX compile features
[0.433s] -- Detecting CXX compile features - done
[0.438s] -- Found ament_cmake: 2.5.6 (/opt/ros/jazzy/share/ament_cmake/cmake)
[0.595s] -- Found Python3: /usr/bin/python3 (found version "3.12.3") found components: Interpreter 
[0.654s] -- Override CMake install command with custom implementation using symlinks instead of copying resources
[0.691s] -- Found ament_lint_auto: 0.17.5 (/opt/ros/jazzy/share/ament_lint_auto/cmake)
[0.778s] -- Added test 'cppcheck' to perform static code analysis on C / C++ code
[0.778s] -- Configured cppcheck include dirs: 
[0.778s] -- Configured cppcheck exclude dirs and/or files: 
[0.780s] -- Added test 'lint_cmake' to check CMake code style
[0.785s] -- Added test 'uncrustify' to check C / C++ code style
[0.785s] -- Configured uncrustify additional arguments: 
[0.786s] -- Added test 'xmllint' to check XML markup files
[0.788s] -- Configuring done (0.8s)
[0.791s] -- Generating done (0.0s)
[0.792s] -- Build files have been written to: /home/user/ros2_ws/src/robot_description/build/robot_description
[0.799s] Invoked command in '/home/user/ros2_ws/src/robot_description/build/robot_description' returned '0': CMAKE_PREFIX_PATH=${CMAKE_PREFIX_PATH}:/opt/ros/jazzy DEBUGINFOD_URLS=https://debuginfod.ubuntu.com /usr/bin/cmake /home/user/ros2_ws/src/robot_description -DAMENT_CMAKE_SYMLINK_INSTALL=1 -DCMAKE_INSTALL_PREFIX=/home/user/ros2_ws/src/robot_description/install/robot_description
[0.801s] Invoking command in '/home/user/ros2_ws/src/robot_description/build/robot_description': CMAKE_PREFIX_PATH=${CMAKE_PREFIX_PATH}:/opt/ros/jazzy DEBUGINFOD_URLS=https://debuginfod.ubuntu.com /usr/bin/cmake --build /home/user/ros2_ws/src/robot_description/build/robot_description -- -j18 -l18
[0.851s] Invoked command in '/home/user/ros2_ws/src/robot_description/build/robot_description' returned '0': CMAKE_PREFIX_PATH=${CMAKE_PREFIX_PATH}:/opt/ros/jazzy DEBUGINFOD_URLS=https://debuginfod.ubuntu.com /usr/bin/cmake --build /home/user/ros2_ws/src/robot_description/build/robot_description -- -j18 -l18
[0.865s] Invoking command in '/home/user/ros2_ws/src/robot_description/build/robot_description': CMAKE_PREFIX_PATH=${CMAKE_PREFIX_PATH}:/opt/ros/jazzy DEBUGINFOD_URLS=https://debuginfod.ubuntu.com /usr/bin/cmake --install /home/user/ros2_ws/src/robot_description/build/robot_description
[0.873s] -- Install configuration: ""
[0.874s] -- Execute custom install script
[0.874s] -- Symlinking: /home/user/ros2_ws/src/robot_description/install/robot_description/share/robot_description/launch/description_test.launch.xml
[0.883s] -- Symlinking: /home/user/ros2_ws/src/robot_description/install/robot_description/share/robot_description/urdf/robot.urdf
[0.892s] -- Symlinking: /home/user/ros2_ws/src/robot_description/install/robot_description/share/ament_index/resource_index/package_run_dependencies/robot_description
[0.902s] -- Symlinking: /home/user/ros2_ws/src/robot_description/install/robot_description/share/ament_index/resource_index/parent_prefix_path/robot_description
[0.912s] -- Symlinking: /home/user/ros2_ws/src/robot_description/install/robot_description/share/robot_description/environment/ament_prefix_path.sh
[0.926s] -- Symlinking: /home/user/ros2_ws/src/robot_description/install/robot_description/share/robot_description/environment/ament_prefix_path.dsv
[0.940s] -- Symlinking: /home/user/ros2_ws/src/robot_description/install/robot_description/share/robot_description/environment/path.sh
[0.949s] -- Symlinking: /home/user/ros2_ws/src/robot_description/install/robot_description/share/robot_description/environment/path.dsv
[0.956s] -- Symlinking: /home/user/ros2_ws/src/robot_description/install/robot_description/share/robot_description/local_setup.bash
[0.967s] -- Symlinking: /home/user/ros2_ws/src/robot_description/install/robot_description/share/robot_description/local_setup.sh
[0.974s] -- Symlinking: /home/user/ros2_ws/src/robot_description/install/robot_description/share/robot_description/local_setup.zsh
[0.984s] -- Symlinking: /home/user/ros2_ws/src/robot_description/install/robot_description/share/robot_description/local_setup.dsv
[0.994s] -- Symlinking: /home/user/ros2_ws/src/robot_description/install/robot_description/share/robot_description/package.dsv
[1.003s] -- Symlinking: /home/user/ros2_ws/src/robot_description/install/robot_description/share/ament_index/resource_index/packages/robot_description
[1.012s] -- Symlinking: /home/user/ros2_ws/src/robot_description/install/robot_description/share/robot_description/cmake/robot_descriptionConfig.cmake
[1.020s] -- Symlinking: /home/user/ros2_ws/src/robot_description/install/robot_description/share/robot_description/cmake/robot_descriptionConfig-version.cmake
[1.031s] -- Symlinking: /home/user/ros2_ws/src/robot_description/install/robot_description/share/robot_description/package.xml
[1.043s] Invoked command in '/home/user/ros2_ws/src/robot_description/build/robot_description' returned '0': CMAKE_PREFIX_PATH=${CMAKE_PREFIX_PATH}:/opt/ros/jazzy DEBUGINFOD_URLS=https://debuginfod.ubuntu.com /usr/bin/cmake --install /home/user/ros2_ws/src/robot_description/build/robot_description
