-- Found ament_cmake: 2.5.6 (/opt/ros/jazzy/share/ament_cmake/cmake)
-- Override CMake install command with custom implementation using symlinks instead of copying resources
-- Found ament_lint_auto: 0.17.5 (/opt/ros/jazzy/share/ament_lint_auto/cmake)
-- Added test 'cppcheck' to perform static code analysis on C / C++ code
-- Configured cppcheck include dirs: 
-- Configured cppcheck exclude dirs and/or files: 
-- Added test 'flake8' to check Python code syntax and style conventions
-- Configured 'flake8' exclude dirs and/or files: 
-- Added test 'lint_cmake' to check CMake code style
-- Added test 'pep257' to check Python code against some of the docstring style conventions in PEP 257
-- Added test 'uncrustify' to check C / C++ code style
-- Configured uncrustify additional arguments: 
-- Added test 'xmllint' to check XML markup files
-- Configuring done (0.3s)
-- Generating done (0.0s)
-- Build files have been written to: /home/user/ros2_ws/src/robot_description/build/robot_description
-- Install configuration: ""
-- Execute custom install script
-- Up-to-date symlink: /home/user/ros2_ws/src/robot_description/install/robot_description/share/robot_description/launch/description_test.launch.xml
-- Symlinking: /home/user/ros2_ws/src/robot_description/install/robot_description/share/robot_description/launch/turtle.launch.xml
-- Symlinking: /home/user/ros2_ws/src/robot_description/install/robot_description/share/robot_description/urdf/.robot.urdf.swp
-- Up-to-date symlink: /home/user/ros2_ws/src/robot_description/install/robot_description/share/robot_description/urdf/robot.urdf
-- Symlinking: /home/user/ros2_ws/src/robot_description/install/robot_description/share/robot_description/config/config.rviz
-- Up-to-date symlink: /home/user/ros2_ws/src/robot_description/install/robot_description/share/ament_index/resource_index/package_run_dependencies/robot_description
-- Up-to-date symlink: /home/user/ros2_ws/src/robot_description/install/robot_description/share/ament_index/resource_index/parent_prefix_path/robot_description
-- Up-to-date symlink: /home/user/ros2_ws/src/robot_description/install/robot_description/share/robot_description/environment/ament_prefix_path.sh
-- Up-to-date symlink: /home/user/ros2_ws/src/robot_description/install/robot_description/share/robot_description/environment/ament_prefix_path.dsv
-- Up-to-date symlink: /home/user/ros2_ws/src/robot_description/install/robot_description/share/robot_description/environment/path.sh
-- Up-to-date symlink: /home/user/ros2_ws/src/robot_description/install/robot_description/share/robot_description/environment/path.dsv
-- Up-to-date symlink: /home/user/ros2_ws/src/robot_description/install/robot_description/share/robot_description/local_setup.bash
-- Up-to-date symlink: /home/user/ros2_ws/src/robot_description/install/robot_description/share/robot_description/local_setup.sh
-- Up-to-date symlink: /home/user/ros2_ws/src/robot_description/install/robot_description/share/robot_description/local_setup.zsh
-- Up-to-date symlink: /home/user/ros2_ws/src/robot_description/install/robot_description/share/robot_description/local_setup.dsv
-- Symlinking: /home/user/ros2_ws/src/robot_description/install/robot_description/share/robot_description/package.dsv
-- Up-to-date symlink: /home/user/ros2_ws/src/robot_description/install/robot_description/share/ament_index/resource_index/packages/robot_description
-- Up-to-date symlink: /home/user/ros2_ws/src/robot_description/install/robot_description/share/robot_description/cmake/robot_descriptionConfig.cmake
-- Up-to-date symlink: /home/user/ros2_ws/src/robot_description/install/robot_description/share/robot_description/cmake/robot_descriptionConfig-version.cmake
-- Up-to-date symlink: /home/user/ros2_ws/src/robot_description/install/robot_description/share/robot_description/package.xml
