[0.015s] Invoking command in '/home/user/ros2_ws/src/robot_description/build/robot_description': CMAKE_PREFIX_PATH=${CMAKE_PREFIX_PATH}:/opt/ros/jazzy DEBUGINFOD_URLS=https://debuginfod.ubuntu.com /usr/bin/cmake /home/user/ros2_ws/src/robot_description -DCMAKE_INSTALL_PREFIX=/home/user/ros2_ws/src/robot_description/install/robot_description
[0.029s] -- Found ament_cmake: 2.5.6 (/opt/ros/jazzy/share/ament_cmake/cmake)
[0.198s] -- Override CMake install command with custom implementation using symlinks instead of copying resources
[0.205s] -- Found ament_lint_auto: 0.17.5 (/opt/ros/jazzy/share/ament_lint_auto/cmake)
[0.295s] -- Added test 'cppcheck' to perform static code analysis on C / C++ code
[0.295s] -- Configured cppcheck include dirs: 
[0.295s] -- Configured cppcheck exclude dirs and/or files: 
[0.298s] -- Added test 'flake8' to check Python code syntax and style conventions
[0.298s] -- Configured 'flake8' exclude dirs and/or files: 
[0.301s] -- Added test 'lint_cmake' to check CMake code style
[0.303s] -- Added test 'pep257' to check Python code against some of the docstring style conventions in PEP 257
[0.316s] -- Added test 'uncrustify' to check C / C++ code style
[0.316s] -- Configured uncrustify additional arguments: 
[0.319s] -- Added test 'xmllint' to check XML markup files
[0.319s] -- Configuring done (0.3s)
[0.323s] -- Generating done (0.0s)
[0.325s] -- Build files have been written to: /home/user/ros2_ws/src/robot_description/build/robot_description
[0.331s] Invoked command in '/home/user/ros2_ws/src/robot_description/build/robot_description' returned '0': CMAKE_PREFIX_PATH=${CMAKE_PREFIX_PATH}:/opt/ros/jazzy DEBUGINFOD_URLS=https://debuginfod.ubuntu.com /usr/bin/cmake /home/user/ros2_ws/src/robot_description -DCMAKE_INSTALL_PREFIX=/home/user/ros2_ws/src/robot_description/install/robot_description
[0.332s] Invoking command in '/home/user/ros2_ws/src/robot_description/build/robot_description': CMAKE_PREFIX_PATH=${CMAKE_PREFIX_PATH}:/opt/ros/jazzy DEBUGINFOD_URLS=https://debuginfod.ubuntu.com /usr/bin/cmake --build /home/user/ros2_ws/src/robot_description/build/robot_description -- -j18 -l18
[0.381s] Invoked command in '/home/user/ros2_ws/src/robot_description/build/robot_description' returned '0': CMAKE_PREFIX_PATH=${CMAKE_PREFIX_PATH}:/opt/ros/jazzy DEBUGINFOD_URLS=https://debuginfod.ubuntu.com /usr/bin/cmake --build /home/user/ros2_ws/src/robot_description/build/robot_description -- -j18 -l18
[0.400s] Invoking command in '/home/user/ros2_ws/src/robot_description/build/robot_description': CMAKE_PREFIX_PATH=${CMAKE_PREFIX_PATH}:/opt/ros/jazzy DEBUGINFOD_URLS=https://debuginfod.ubuntu.com /usr/bin/cmake --install /home/user/ros2_ws/src/robot_description/build/robot_description
[0.431s] -- Install configuration: ""
[0.433s] -- Execute custom install script
[0.433s] -- Up-to-date symlink: /home/user/ros2_ws/src/robot_description/install/robot_description/share/robot_description/launch/description_test.launch.xml
[0.433s] -- Up-to-date symlink: /home/user/ros2_ws/src/robot_description/install/robot_description/share/robot_description/launch/turtle.launch.xml
[0.433s] -- Up-to-date symlink: /home/user/ros2_ws/src/robot_description/install/robot_description/share/robot_description/urdf/.robot.urdf.swp
[0.433s] -- Up-to-date symlink: /home/user/ros2_ws/src/robot_description/install/robot_description/share/robot_description/urdf/robot.urdf
[0.433s] -- Up-to-date symlink: /home/user/ros2_ws/src/robot_description/install/robot_description/share/robot_description/config/config.rviz
[0.433s] -- Up-to-date symlink: /home/user/ros2_ws/src/robot_description/install/robot_description/share/ament_index/resource_index/package_run_dependencies/robot_description
[0.433s] -- Up-to-date symlink: /home/user/ros2_ws/src/robot_description/install/robot_description/share/ament_index/resource_index/parent_prefix_path/robot_description
[0.433s] -- Up-to-date symlink: /home/user/ros2_ws/src/robot_description/install/robot_description/share/robot_description/environment/ament_prefix_path.sh
[0.433s] -- Up-to-date symlink: /home/user/ros2_ws/src/robot_description/install/robot_description/share/robot_description/environment/ament_prefix_path.dsv
[0.433s] -- Up-to-date symlink: /home/user/ros2_ws/src/robot_description/install/robot_description/share/robot_description/environment/path.sh
[0.433s] -- Up-to-date symlink: /home/user/ros2_ws/src/robot_description/install/robot_description/share/robot_description/environment/path.dsv
[0.433s] -- Up-to-date symlink: /home/user/ros2_ws/src/robot_description/install/robot_description/share/robot_description/local_setup.bash
[0.434s] -- Up-to-date symlink: /home/user/ros2_ws/src/robot_description/install/robot_description/share/robot_description/local_setup.sh
[0.434s] -- Up-to-date symlink: /home/user/ros2_ws/src/robot_description/install/robot_description/share/robot_description/local_setup.zsh
[0.434s] -- Up-to-date symlink: /home/user/ros2_ws/src/robot_description/install/robot_description/share/robot_description/local_setup.dsv
[0.434s] -- Symlinking: /home/user/ros2_ws/src/robot_description/install/robot_description/share/robot_description/package.dsv
[0.443s] -- Up-to-date symlink: /home/user/ros2_ws/src/robot_description/install/robot_description/share/ament_index/resource_index/packages/robot_description
[0.444s] -- Up-to-date symlink: /home/user/ros2_ws/src/robot_description/install/robot_description/share/robot_description/cmake/robot_descriptionConfig.cmake
[0.444s] -- Up-to-date symlink: /home/user/ros2_ws/src/robot_description/install/robot_description/share/robot_description/cmake/robot_descriptionConfig-version.cmake
[0.444s] -- Up-to-date symlink: /home/user/ros2_ws/src/robot_description/install/robot_description/share/robot_description/package.xml
[0.450s] Invoked command in '/home/user/ros2_ws/src/robot_description/build/robot_description' returned '0': CMAKE_PREFIX_PATH=${CMAKE_PREFIX_PATH}:/opt/ros/jazzy DEBUGINFOD_URLS=https://debuginfod.ubuntu.com /usr/bin/cmake --install /home/user/ros2_ws/src/robot_description/build/robot_description
